Using pre-set license
Built from '2020.3/staging' branch; Version is '2020.3.0f1 (c7b5465681fb) revision 13088070'; Using compiler version '192528614'; Build Type 'Release'
OS: 'Windows 10 Home; OS build 26200.7309; Version 2009; 64bit' Language: 'en' Physical Memory: 16088 MB
BatchMode: 1, IsHumanControllingUs: 0, StartBugReporterOnCrash: 0, Is64bit: 1, IsPro: 0

 COMMAND LINE ARGUMENTS:
C:\Program Files\Unity\Hub\Editor\2020.3.0f1\Editor\Unity.exe
-adb2
-batchMode
-noUpm
-name
AssetImportWorker0
-projectPath
C:/Users/enhta/Downloads/test3/test3
-logFile
Logs/AssetImportWorker0.log
-srvPort
59986
Successfully changed project path to: C:/Users/enhta/Downloads/test3/test3
C:/Users/enhta/Downloads/test3/test3
Using Asset Import Pipeline V2.
Refreshing native plugins compatible for Editor in 72.87 ms, found 0 plugins.
Preloading 0 native plugins for Editor in 0.00 ms.
Initialize engine version: 2020.3.0f1 (c7b5465681fb)
[Subsystems] Discovering subsystems at path C:/Program Files/Unity/Hub/Editor/2020.3.0f1/Editor/Data/Resources/UnitySubsystems
[Subsystems] Discovering subsystems at path C:/Users/enhta/Downloads/test3/test3/Assets
GfxDevice: creating device client; threaded=0
Direct3D:
    Version:  Direct3D 11.0 [level 11.1]
    Renderer: NVIDIA GeForce RTX 3050 Laptop GPU (ID=0x25a2)
    Vendor:   
    VRAM:     3962 MB
    Driver:   32.0.15.9144
Shader 'Universal Render Pipeline/Particles/Lit': fallback shader 'Universal Render Pipeline/Particles/SimpleLit' not found
Initialize mono
Mono path[0] = 'C:/Program Files/Unity/Hub/Editor/2020.3.0f1/Editor/Data/Managed'
Mono path[1] = 'C:/Program Files/Unity/Hub/Editor/2020.3.0f1/Editor/Data/MonoBleedingEdge/lib/mono/unityjit'
Mono config path = 'C:/Program Files/Unity/Hub/Editor/2020.3.0f1/Editor/Data/MonoBleedingEdge/etc'
Using monoOptions --debugger-agent=transport=dt_socket,embedding=1,server=y,suspend=n,address=127.0.0.1:56100
Begin MonoManager ReloadAssembly
Registering precompiled unity dll's ...
Register platform support module: C:/Program Files/Unity/Hub/Editor/2020.3.0f1/Editor/Data/PlaybackEngines/WindowsStandaloneSupport/UnityEditor.WindowsStandalone.Extensions.dll
Registered in 0.001569 seconds.
Native extension for WindowsStandalone target not found
Refreshing native plugins compatible for Editor in 68.08 ms, found 0 plugins.
Preloading 0 native plugins for Editor in 0.00 ms.
Invoked RoslynAnalysisRunner static constructor.
RoslynAnalysisRunner will not be running.
RoslynAnalysisRunner has terminated.
Mono: successfully reloaded assembly
- Completed reload, in  1.296 seconds
Platform modules already initialized, skipping
Registering precompiled user dll's ...
Registered in 0.002552 seconds.
Begin MonoManager ReloadAssembly
Native extension for WindowsStandalone target not found
Refreshing native plugins compatible for Editor in 62.91 ms, found 0 plugins.
Preloading 0 native plugins for Editor in 0.00 ms.
Invoked RoslynAnalysisRunner static constructor.
RoslynAnalysisRunner will not be running.
RoslynAnalysisRunner has terminated.
Mono: successfully reloaded assembly
- Completed reload, in  1.734 seconds
Platform modules already initialized, skipping
========================================================================
Worker process is ready to serve import requests
Shader 'Universal Render Pipeline/Particles/Lit': fallback shader 'Universal Render Pipeline/Particles/SimpleLit' not found
Launched and connected shader compiler UnityShaderCompiler.exe after 0.06 seconds
Refreshing native plugins compatible for Editor in 1.19 ms, found 0 plugins.
Preloading 0 native plugins for Editor in 0.00 ms.
Unloading 2993 Unused Serialized files (Serialized files now loaded: 0)
System memory in use before: 132.7 MB.
System memory in use after: 132.9 MB.

Unloading 17 unused Assets to reduce memory usage. Loaded Objects now: 3725.
Total: 6.398800 ms (FindLiveObjects: 0.957600 ms CreateObjectMapping: 0.313500 ms MarkObjects: 4.987500 ms  DeleteObjects: 0.135400 ms)

========================================================================
Received Import Request.
  path: Assets/Scenes
  artifactKey: Guid(04ed40ccbfa1d414fbb6d6b6f123bc06) Importer(815301076,1909f56bfc062723c751e8b465ee728b)
Start importing Assets/Scenes using Guid(04ed40ccbfa1d414fbb6d6b6f123bc06) Importer(815301076,1909f56bfc062723c751e8b465ee728b)  -> (artifact id: '514d2942f3936220f750f62d0c934ddd') in 0.026473 seconds
  Import took 0.034181 seconds .

========================================================================
Received Import Request.
  Time since last request: 1.964366 seconds.
  path: Assets/Scenes/Main
  artifactKey: Guid(74daa2c160b884b6aabb603effc5dd64) Importer(815301076,1909f56bfc062723c751e8b465ee728b)
Start importing Assets/Scenes/Main using Guid(74daa2c160b884b6aabb603effc5dd64) Importer(815301076,1909f56bfc062723c751e8b465ee728b)  -> (artifact id: 'e83deb916818826303e5592eb807d33a') in 0.029161 seconds
  Import took 0.037024 seconds .

========================================================================
Received Import Request.
  Time since last request: 0.086447 seconds.
  path: Assets/Scenes/Main/LightingData.asset
  artifactKey: Guid(38b5ff64df1464cbf9f421864b79e723) Importer(815301076,1909f56bfc062723c751e8b465ee728b)
Start importing Assets/Scenes/Main/LightingData.asset using Guid(38b5ff64df1464cbf9f421864b79e723) Importer(815301076,1909f56bfc062723c751e8b465ee728b)  -> (artifact id: '7166ae9b6bce826c63f5c9b9516b6196') in 0.066045 seconds
  Import took 0.073345 seconds .

========================================================================
Received Import Request.
  Time since last request: 0.000423 seconds.
  path: Assets/Scenes/Main/OcclusionCullingData.asset
  artifactKey: Guid(d48779bc518ac4c2c8f73fe1c8043c36) Importer(815301076,1909f56bfc062723c751e8b465ee728b)
Start importing Assets/Scenes/Main/OcclusionCullingData.asset using Guid(d48779bc518ac4c2c8f73fe1c8043c36) Importer(815301076,1909f56bfc062723c751e8b465ee728b)  -> (artifact id: '03f59457e90088745750e98ec7eb1a02') in 0.026640 seconds
  Import took 0.033755 seconds .

========================================================================
Received Import Request.
  Time since last request: 0.000390 seconds.
  path: Assets/Scenes/Main/Lightmap-1_comp_light.exr
  artifactKey: Guid(a886ccb37dfdb4d9bb8b8016e339f0e4) Importer(815301076,1909f56bfc062723c751e8b465ee728b)
Start importing Assets/Scenes/Main/Lightmap-1_comp_light.exr using Guid(a886ccb37dfdb4d9bb8b8016e339f0e4) Importer(815301076,1909f56bfc062723c751e8b465ee728b)  -> (artifact id: 'b2bc5c737e17ac4a528cf857eaf721ab') in 0.086287 seconds
  Import took 0.093226 seconds .

========================================================================
Received Import Request.
  Time since last request: 0.000362 seconds.
  path: Assets/Scenes/Main/Lightmap-5_comp_dir.png
  artifactKey: Guid(255ff9e96b67440f2b4fa5e3627bb0b3) Importer(815301076,1909f56bfc062723c751e8b465ee728b)
Start importing Assets/Scenes/Main/Lightmap-5_comp_dir.png using Guid(255ff9e96b67440f2b4fa5e3627bb0b3) Importer(815301076,1909f56bfc062723c751e8b465ee728b)  -> (artifact id: '05272b761302867862d38734038c9ebd') in 0.130837 seconds
  Import took 0.138270 seconds .

========================================================================
Received Import Request.
  Time since last request: 0.000333 seconds.
  path: Assets/Scenes/Main/Lightmap-3_comp_light.exr
  artifactKey: Guid(e733ea859f6304c688ce0a6615d2d7cb) Importer(815301076,1909f56bfc062723c751e8b465ee728b)
Start importing Assets/Scenes/Main/Lightmap-3_comp_light.exr using Guid(e733ea859f6304c688ce0a6615d2d7cb) Importer(815301076,1909f56bfc062723c751e8b465ee728b)  -> (artifact id: '0180fa4dbe92d3e299409f297af155a8') in 0.031914 seconds
  Import took 0.039037 seconds .

========================================================================
Received Import Request.
  Time since last request: 0.000507 seconds.
  path: Assets/Scenes/Main/Lightmap-4_comp_dir.png
  artifactKey: Guid(b6cd0a2bfa68646a98d030ebc2421a6d) Importer(815301076,1909f56bfc062723c751e8b465ee728b)
Start importing Assets/Scenes/Main/Lightmap-4_comp_dir.png using Guid(b6cd0a2bfa68646a98d030ebc2421a6d) Importer(815301076,1909f56bfc062723c751e8b465ee728b)  -> (artifact id: 'c76b9b7745284836d0ae90685b6d2976') in 0.034513 seconds
  Import took 0.041585 seconds .

========================================================================
Received Import Request.
  Time since last request: 0.000479 seconds.
  path: Assets/Scenes/Main/Lightmap-2_comp_light.exr
  artifactKey: Guid(3f83a9470f59f4c31b46a8041044e06a) Importer(815301076,1909f56bfc062723c751e8b465ee728b)
Start importing Assets/Scenes/Main/Lightmap-2_comp_light.exr using Guid(3f83a9470f59f4c31b46a8041044e06a) Importer(815301076,1909f56bfc062723c751e8b465ee728b)  -> (artifact id: '280be19bcf7cf894825b40fd01257653') in 0.033778 seconds
  Import took 0.041176 seconds .

========================================================================
Received Import Request.
  Time since last request: 0.000459 seconds.
  path: Assets/Scenes/Main/Lightmap-1_comp_dir.png
  artifactKey: Guid(fb5d75a8be43a4d94950ed5abd253d5c) Importer(815301076,1909f56bfc062723c751e8b465ee728b)
Start importing Assets/Scenes/Main/Lightmap-1_comp_dir.png using Guid(fb5d75a8be43a4d94950ed5abd253d5c) Importer(815301076,1909f56bfc062723c751e8b465ee728b)  -> (artifact id: '40010f659f96161fb45eb6d8e0ec0f65') in 0.034906 seconds
  Import took 0.043802 seconds .

========================================================================
Received Import Request.
  Time since last request: 0.000365 seconds.
  path: Assets/Scenes/Main/Lightmap-3_comp_dir.png
  artifactKey: Guid(973e0b0b46d484f8ab600a8980cdc5f6) Importer(815301076,1909f56bfc062723c751e8b465ee728b)
Start importing Assets/Scenes/Main/Lightmap-3_comp_dir.png using Guid(973e0b0b46d484f8ab600a8980cdc5f6) Importer(815301076,1909f56bfc062723c751e8b465ee728b)  -> (artifact id: '60f098b371abdc27cb0a7ce75d424cc9') in 0.036880 seconds
  Import took 0.043689 seconds .

========================================================================
Received Import Request.
  Time since last request: 0.000447 seconds.
  path: Assets/Scenes/Main/ReflectionProbe-1.exr
  artifactKey: Guid(fcc102e54e4c04c638567a86c251a8c0) Importer(815301076,1909f56bfc062723c751e8b465ee728b)
Start importing Assets/Scenes/Main/ReflectionProbe-1.exr using Guid(fcc102e54e4c04c638567a86c251a8c0) Importer(815301076,1909f56bfc062723c751e8b465ee728b)  -> (artifact id: '0a4f6a94284409b02a6b9d7b13500996') in 0.072505 seconds
  Import took 0.080221 seconds .

========================================================================
Received Import Request.
  Time since last request: 0.000439 seconds.
  path: Assets/Scenes/Main/ReflectionProbe-0.exr
  artifactKey: Guid(6d46ddfd38dcb4f339d90e44cbc31ee3) Importer(815301076,1909f56bfc062723c751e8b465ee728b)
Start importing Assets/Scenes/Main/ReflectionProbe-0.exr using Guid(6d46ddfd38dcb4f339d90e44cbc31ee3) Importer(815301076,1909f56bfc062723c751e8b465ee728b)  -> (artifact id: '985cdd34264f7564f8884a4f8ec21161') in 0.036664 seconds
  Import took 0.043308 seconds .

========================================================================
Received Import Request.
  Time since last request: 0.000428 seconds.
  path: Assets/Scenes/Main/Lightmap-0_comp_dir.png
  artifactKey: Guid(94cca558c6ce64fba96dee1b6d086d94) Importer(815301076,1909f56bfc062723c751e8b465ee728b)
Start importing Assets/Scenes/Main/Lightmap-0_comp_dir.png using Guid(94cca558c6ce64fba96dee1b6d086d94) Importer(815301076,1909f56bfc062723c751e8b465ee728b)  -> (artifact id: '63ce9ffbdab1dcc29df297c853e3ffea') in 0.037555 seconds
  Import took 0.044037 seconds .

========================================================================
Received Import Request.
  Time since last request: 0.000466 seconds.
  path: Assets/Scenes/Main/Lightmap-0_comp_light.exr
  artifactKey: Guid(85ae683663f3b45c691a3fca32b6303c) Importer(815301076,1909f56bfc062723c751e8b465ee728b)
Start importing Assets/Scenes/Main/Lightmap-0_comp_light.exr using Guid(85ae683663f3b45c691a3fca32b6303c) Importer(815301076,1909f56bfc062723c751e8b465ee728b)  -> (artifact id: '532677747e4d04caf975eba3e90c4a59') in 0.030671 seconds
  Import took 0.037758 seconds .

========================================================================
Received Import Request.
  Time since last request: 0.000350 seconds.
  path: Assets/Scenes/Main/NavMesh-NavMesh Surface.asset
  artifactKey: Guid(5aaea6bba3e744fd398775dba720240d) Importer(815301076,1909f56bfc062723c751e8b465ee728b)
Start importing Assets/Scenes/Main/NavMesh-NavMesh Surface.asset using Guid(5aaea6bba3e744fd398775dba720240d) Importer(815301076,1909f56bfc062723c751e8b465ee728b)  -> (artifact id: 'd606b5527225a3cccb08cc014863d982') in 0.030602 seconds
  Import took 0.037521 seconds .

========================================================================
Received Import Request.
  Time since last request: 0.000375 seconds.
  path: Assets/Scenes/Main/Lightmap-5_comp_light.exr
  artifactKey: Guid(e998bbd476a224eeeada4778a3d075e2) Importer(815301076,1909f56bfc062723c751e8b465ee728b)
Start importing Assets/Scenes/Main/Lightmap-5_comp_light.exr using Guid(e998bbd476a224eeeada4778a3d075e2) Importer(815301076,1909f56bfc062723c751e8b465ee728b)  -> (artifact id: '8d008c2dd75aa7c5f7ce51f69cf5a2c0') in 0.034461 seconds
  Import took 0.041852 seconds .

========================================================================
Received Import Request.
  Time since last request: 0.000464 seconds.
  path: Assets/Scenes/Main/Lightmap-2_comp_dir.png
  artifactKey: Guid(cf60783111f874c9aa05385a23ed6f02) Importer(815301076,1909f56bfc062723c751e8b465ee728b)
Start importing Assets/Scenes/Main/Lightmap-2_comp_dir.png using Guid(cf60783111f874c9aa05385a23ed6f02) Importer(815301076,1909f56bfc062723c751e8b465ee728b)  -> (artifact id: '23c37f656a5075c979775dcc20c7c21e') in 0.032796 seconds
  Import took 0.039283 seconds .

========================================================================
Received Import Request.
  Time since last request: 0.000446 seconds.
  path: Assets/Scenes/Main/Lightmap-4_comp_light.exr
  artifactKey: Guid(a3ce4ce1603da436b8291f720f5b5ff8) Importer(815301076,1909f56bfc062723c751e8b465ee728b)
Start importing Assets/Scenes/Main/Lightmap-4_comp_light.exr using Guid(a3ce4ce1603da436b8291f720f5b5ff8) Importer(815301076,1909f56bfc062723c751e8b465ee728b)  -> (artifact id: '0391e6455ed13e60d2d51d3b1ebca10f') in 0.031232 seconds
  Import took 0.039404 seconds .

========================================================================
Received Import Request.
  Time since last request: 6.559921 seconds.
  path: Assets/Scenes/Main.unity
  artifactKey: Guid(c20071dc6d348469b8f67970dc67bed9) Importer(815301076,1909f56bfc062723c751e8b465ee728b)
Start importing Assets/Scenes/Main.unity using Guid(c20071dc6d348469b8f67970dc67bed9) Importer(815301076,1909f56bfc062723c751e8b465ee728b)  -> (artifact id: '429971787ed0d33f3a63e7db8d2fa9d6') in 0.035060 seconds
  Import took 0.042900 seconds .

========================================================================
Received Prepare
Registering precompiled user dll's ...
Registered in 0.003487 seconds.
Begin MonoManager ReloadAssembly
Native extension for WindowsStandalone target not found
Refreshing native plugins compatible for Editor in 1.32 ms, found 0 plugins.
Preloading 0 native plugins for Editor in 0.00 ms.
Invoked RoslynAnalysisRunner static constructor.
RoslynAnalysisRunner will not be running.
RoslynAnalysisRunner has terminated.
Mono: successfully reloaded assembly
- Completed reload, in  2.030 seconds
Platform modules already initialized, skipping
Shader 'Universal Render Pipeline/Particles/Lit': fallback shader 'Universal Render Pipeline/Particles/SimpleLit' not found
Refreshing native plugins compatible for Editor in 0.94 ms, found 0 plugins.
Preloading 0 native plugins for Editor in 0.00 ms.
Unloading 2838 Unused Serialized files (Serialized files now loaded: 0)
System memory in use before: 128.0 MB.
System memory in use after: 128.2 MB.

Unloading 8 unused Assets to reduce memory usage. Loaded Objects now: 3764.
Total: 7.332600 ms (FindLiveObjects: 0.809200 ms CreateObjectMapping: 0.261900 ms MarkObjects: 6.199900 ms  DeleteObjects: 0.058600 ms)

========================================================================
Received Prepare
Registering precompiled user dll's ...
Registered in 0.003229 seconds.
Begin MonoManager ReloadAssembly
Native extension for WindowsStandalone target not found
Refreshing native plugins compatible for Editor in 1.58 ms, found 0 plugins.
Preloading 0 native plugins for Editor in 0.00 ms.
Invoked RoslynAnalysisRunner static constructor.
RoslynAnalysisRunner will not be running.
RoslynAnalysisRunner has terminated.
Mono: successfully reloaded assembly
- Completed reload, in  1.712 seconds
Platform modules already initialized, skipping
Shader 'Universal Render Pipeline/Particles/Lit': fallback shader 'Universal Render Pipeline/Particles/SimpleLit' not found
Refreshing native plugins compatible for Editor in 0.71 ms, found 0 plugins.
Preloading 0 native plugins for Editor in 0.00 ms.
Unloading 2838 Unused Serialized files (Serialized files now loaded: 0)
System memory in use before: 128.1 MB.
System memory in use after: 128.3 MB.

Unloading 8 unused Assets to reduce memory usage. Loaded Objects now: 3767.
Total: 5.020400 ms (FindLiveObjects: 0.732500 ms CreateObjectMapping: 0.134800 ms MarkObjects: 4.102400 ms  DeleteObjects: 0.048100 ms)

AssetImportWorkerClient::OnTransportError - code=2 error=End of file
